
*** Running vivado
    with args -log Modes.vds -m64 -product Vivado -mode batch -messageDb vivado.pb -notrace -source Modes.tcl


ECHO is off.
ECHO is off.

****** Vivado v2023.1.1 (64-bit)
  **** SW Build 3900603 on Fri Jun 16 19:31:24 MDT 2023
  **** IP Build 3900379 on Sat Jun 17 05:28:05 MDT 2023
  **** SharedData Build 3899622 on Fri Jun 16 03:34:24 MDT 2023
    ** Copyright 1986-2022 Xilinx, Inc. All Rights Reserved.
    ** Copyright 2022-2023 Advanced Micro Devices, Inc. All Rights Reserved.

source Modes.tcl -notrace
create_project: Time (s): cpu = 00:00:09 ; elapsed = 00:00:13 . Memory (MB): peak = 455.660 ; gain = 161.613
Command: read_checkpoint -auto_incremental -incremental {C:/Users/Aryan/OneDrive/Desktop/ECE 316/Lab6/Lab6.srcs/utils_1/imports/synth_1/Mode1.dcp}
INFO: [Vivado 12-5825] Read reference checkpoint from C:/Users/Aryan/OneDrive/Desktop/ECE 316/Lab6/Lab6.srcs/utils_1/imports/synth_1/Mode1.dcp for incremental synthesis
INFO: [Vivado 12-7989] Please ensure there are no constraint changes
Command: synth_design -top Modes -part xc7a35tcpg236-1
Starting synth_design
Attempting to get a license for feature 'Synthesis' and/or device 'xc7a35t'
INFO: [Common 17-349] Got license for feature 'Synthesis' and/or device 'xc7a35t'
INFO: [Device 21-403] Loading part xc7a35tcpg236-1
INFO: [Designutils 20-5440] No compile time benefit to using incremental synthesis; A full resynthesis will be run
INFO: [Designutils 20-4379] Flow is switching to default flow due to incremental criteria not met. If you would like to alter this behaviour and have the flow terminate instead, please set the following parameter config_implementation {autoIncr.Synth.RejectBehavior Terminate}
INFO: [Synth 8-7079] Multithreading enabled for synth_design using a maximum of 2 processes.
INFO: [Synth 8-7078] Launching helper process for spawning children vivado processes
INFO: [Synth 8-7075] Helper process launched with PID 13376
---------------------------------------------------------------------------------
Starting RTL Elaboration : Time (s): cpu = 00:00:09 ; elapsed = 00:00:13 . Memory (MB): peak = 1274.320 ; gain = 412.477
---------------------------------------------------------------------------------
INFO: [Synth 8-6157] synthesizing module 'Modes' [C:/Users/Aryan/OneDrive/Desktop/ECE 316/Lab6/Lab6.srcs/sources_1/new/Modes.v:3]
INFO: [Synth 8-6157] synthesizing module 'hexto7segment' [C:/Users/Aryan/OneDrive/Desktop/ECE 316/Lab6/Lab6.srcs/sources_1/imports/new/hexto7segment.v:23]
INFO: [Synth 8-6155] done synthesizing module 'hexto7segment' (0#1) [C:/Users/Aryan/OneDrive/Desktop/ECE 316/Lab6/Lab6.srcs/sources_1/imports/new/hexto7segment.v:23]
WARNING: [Synth 8-689] width (32) of port connection 'x' does not match port width (4) of module 'hexto7segment' [C:/Users/Aryan/OneDrive/Desktop/ECE 316/Lab6/Lab6.srcs/sources_1/new/Modes.v:22]
WARNING: [Synth 8-689] width (32) of port connection 'x' does not match port width (4) of module 'hexto7segment' [C:/Users/Aryan/OneDrive/Desktop/ECE 316/Lab6/Lab6.srcs/sources_1/new/Modes.v:23]
WARNING: [Synth 8-689] width (32) of port connection 'x' does not match port width (4) of module 'hexto7segment' [C:/Users/Aryan/OneDrive/Desktop/ECE 316/Lab6/Lab6.srcs/sources_1/new/Modes.v:24]
WARNING: [Synth 8-689] width (32) of port connection 'x' does not match port width (4) of module 'hexto7segment' [C:/Users/Aryan/OneDrive/Desktop/ECE 316/Lab6/Lab6.srcs/sources_1/new/Modes.v:25]
INFO: [Synth 8-6157] synthesizing module 'clkdiv' [C:/Users/Aryan/OneDrive/Desktop/ECE 316/Lab6/Lab6.srcs/sources_1/imports/new/clkdiv.v:23]
INFO: [Synth 8-6155] done synthesizing module 'clkdiv' (0#1) [C:/Users/Aryan/OneDrive/Desktop/ECE 316/Lab6/Lab6.srcs/sources_1/imports/new/clkdiv.v:23]
INFO: [Synth 8-6157] synthesizing module 'clkdiv2' [C:/Users/Aryan/OneDrive/Desktop/ECE 316/Lab6/Lab6.srcs/sources_1/new/clkdiv2.v:23]
INFO: [Synth 8-6155] done synthesizing module 'clkdiv2' (0#1) [C:/Users/Aryan/OneDrive/Desktop/ECE 316/Lab6/Lab6.srcs/sources_1/new/clkdiv2.v:23]
INFO: [Synth 8-6157] synthesizing module 'time_mux_state_machine' [C:/Users/Aryan/OneDrive/Desktop/ECE 316/Lab6/Lab6.srcs/sources_1/imports/new/time_mux_state_machine.v:23]
INFO: [Synth 8-226] default block is never used [C:/Users/Aryan/OneDrive/Desktop/ECE 316/Lab6/Lab6.srcs/sources_1/imports/new/time_mux_state_machine.v:39]
INFO: [Synth 8-6155] done synthesizing module 'time_mux_state_machine' (0#1) [C:/Users/Aryan/OneDrive/Desktop/ECE 316/Lab6/Lab6.srcs/sources_1/imports/new/time_mux_state_machine.v:23]
WARNING: [Synth 8-6090] variable 'state' is written by both blocking and non-blocking assignments, entire logic could be removed [C:/Users/Aryan/OneDrive/Desktop/ECE 316/Lab6/Lab6.srcs/sources_1/new/Modes.v:108]
INFO: [Synth 8-6155] done synthesizing module 'Modes' (0#1) [C:/Users/Aryan/OneDrive/Desktop/ECE 316/Lab6/Lab6.srcs/sources_1/new/Modes.v:3]
WARNING: [Synth 8-7137] Register timeVal_reg in module Modes has both Set and reset with same priority. This may cause simulation mismatches. Consider rewriting code  [C:/Users/Aryan/OneDrive/Desktop/ECE 316/Lab6/Lab6.srcs/sources_1/new/Modes.v:22]
WARNING: [Synth 8-7137] Register Aval_reg in module Modes has both Set and reset with same priority. This may cause simulation mismatches. Consider rewriting code  [C:/Users/Aryan/OneDrive/Desktop/ECE 316/Lab6/Lab6.srcs/sources_1/new/Modes.v:55]
WARNING: [Synth 8-7137] Register Bval_reg in module Modes has both Set and reset with same priority. This may cause simulation mismatches. Consider rewriting code  [C:/Users/Aryan/OneDrive/Desktop/ECE 316/Lab6/Lab6.srcs/sources_1/new/Modes.v:57]
---------------------------------------------------------------------------------
Finished RTL Elaboration : Time (s): cpu = 00:00:12 ; elapsed = 00:00:17 . Memory (MB): peak = 1366.531 ; gain = 504.688
---------------------------------------------------------------------------------
---------------------------------------------------------------------------------
Start Handling Custom Attributes
---------------------------------------------------------------------------------
---------------------------------------------------------------------------------
Finished Handling Custom Attributes : Time (s): cpu = 00:00:12 ; elapsed = 00:00:17 . Memory (MB): peak = 1366.531 ; gain = 504.688
---------------------------------------------------------------------------------
---------------------------------------------------------------------------------
Finished RTL Optimization Phase 1 : Time (s): cpu = 00:00:12 ; elapsed = 00:00:17 . Memory (MB): peak = 1366.531 ; gain = 504.688
---------------------------------------------------------------------------------
Netlist sorting complete. Time (s): cpu = 00:00:00 ; elapsed = 00:00:00.009 . Memory (MB): peak = 1366.531 ; gain = 0.000
INFO: [Project 1-570] Preparing netlist for logic optimization

Processing XDC Constraints
Initializing timing engine
Parsing XDC File [C:/Users/Aryan/OneDrive/Desktop/ECE 316/Lab6/Lab6.srcs/constrs_1/imports/ECE 316/Basys3_Master.xdc]
Finished Parsing XDC File [C:/Users/Aryan/OneDrive/Desktop/ECE 316/Lab6/Lab6.srcs/constrs_1/imports/ECE 316/Basys3_Master.xdc]
INFO: [Project 1-236] Implementation specific constraints were found while reading constraint file [C:/Users/Aryan/OneDrive/Desktop/ECE 316/Lab6/Lab6.srcs/constrs_1/imports/ECE 316/Basys3_Master.xdc]. These constraints will be ignored for synthesis but will be used in implementation. Impacted constraints are listed in the file [.Xil/Modes_propImpl.xdc].
Resolution: To avoid this warning, move constraints listed in [.Xil/Modes_propImpl.xdc] to another XDC file and exclude this new file from synthesis with the used_in_synthesis property (File Properties dialog in GUI) and re-run elaboration/synthesis.
Completed Processing XDC Constraints

Netlist sorting complete. Time (s): cpu = 00:00:00 ; elapsed = 00:00:00 . Memory (MB): peak = 1474.066 ; gain = 0.000
INFO: [Project 1-111] Unisim Transformation Summary:
No Unisim elements were transformed.

Constraint Validation Runtime : Time (s): cpu = 00:00:00 ; elapsed = 00:00:00.009 . Memory (MB): peak = 1474.066 ; gain = 0.000
INFO: [Designutils 20-5440] No compile time benefit to using incremental synthesis; A full resynthesis will be run
INFO: [Designutils 20-4379] Flow is switching to default flow due to incremental criteria not met. If you would like to alter this behaviour and have the flow terminate instead, please set the following parameter config_implementation {autoIncr.Synth.RejectBehavior Terminate}
---------------------------------------------------------------------------------
Finished Constraint Validation : Time (s): cpu = 00:00:25 ; elapsed = 00:00:35 . Memory (MB): peak = 1474.066 ; gain = 612.223
---------------------------------------------------------------------------------
---------------------------------------------------------------------------------
Start Loading Part and Timing Information
---------------------------------------------------------------------------------
Loading part: xc7a35tcpg236-1
---------------------------------------------------------------------------------
Finished Loading Part and Timing Information : Time (s): cpu = 00:00:25 ; elapsed = 00:00:35 . Memory (MB): peak = 1474.066 ; gain = 612.223
---------------------------------------------------------------------------------
---------------------------------------------------------------------------------
Start Applying 'set_property' XDC Constraints
---------------------------------------------------------------------------------
---------------------------------------------------------------------------------
Finished applying 'set_property' XDC Constraints : Time (s): cpu = 00:00:25 ; elapsed = 00:00:35 . Memory (MB): peak = 1474.066 ; gain = 612.223
---------------------------------------------------------------------------------
INFO: [Synth 8-802] inferred FSM for state register 'state_reg' in module 'time_mux_state_machine'
---------------------------------------------------------------------------------------------------
                   State |                     New Encoding |                Previous Encoding 
---------------------------------------------------------------------------------------------------
                  iSTATE |                               00 |                               00
                 iSTATE0 |                               01 |                               01
                 iSTATE1 |                               10 |                               10
                 iSTATE2 |                               11 |                               11
---------------------------------------------------------------------------------------------------
INFO: [Synth 8-3354] encoded FSM with state register 'state_reg' using encoding 'sequential' in module 'time_mux_state_machine'
---------------------------------------------------------------------------------
Finished RTL Optimization Phase 2 : Time (s): cpu = 00:00:26 ; elapsed = 00:00:36 . Memory (MB): peak = 1474.066 ; gain = 612.223
---------------------------------------------------------------------------------
---------------------------------------------------------------------------------
Start RTL Component Statistics 
---------------------------------------------------------------------------------
Detailed RTL Component Info : 
+---Adders : 
	   2 Input   14 Bit       Adders := 2     
	   4 Input    7 Bit       Adders := 2     
	   4 Input    4 Bit       Adders := 2     
+---Registers : 
	               14 Bit    Registers := 1     
	                4 Bit    Registers := 2     
	                2 Bit    Registers := 2     
+---Muxes : 
	   2 Input   14 Bit        Muxes := 6     
	   3 Input   14 Bit        Muxes := 1     
	   4 Input    7 Bit        Muxes := 1     
	   4 Input    4 Bit        Muxes := 1     
	   2 Input    4 Bit        Muxes := 10    
	   4 Input    2 Bit        Muxes := 1     
	   2 Input    2 Bit        Muxes := 7     
	   4 Input    1 Bit        Muxes := 1     
	   2 Input    1 Bit        Muxes := 4     
---------------------------------------------------------------------------------
Finished RTL Component Statistics 
---------------------------------------------------------------------------------
---------------------------------------------------------------------------------
Start Part Resource Summary
---------------------------------------------------------------------------------
Part Resources:
DSPs: 90 (col length:60)
BRAMs: 100 (col length: RAMB18 60 RAMB36 30)
---------------------------------------------------------------------------------
Finished Part Resource Summary
---------------------------------------------------------------------------------
---------------------------------------------------------------------------------
Start Cross Boundary and Area Optimization
---------------------------------------------------------------------------------
WARNING: [Synth 8-7080] Parallel synthesis criteria is not met
---------------------------------------------------------------------------------
Finished Cross Boundary and Area Optimization : Time (s): cpu = 00:00:41 ; elapsed = 00:00:57 . Memory (MB): peak = 1474.066 ; gain = 612.223
---------------------------------------------------------------------------------
---------------------------------------------------------------------------------
Start Applying XDC Timing Constraints
---------------------------------------------------------------------------------
---------------------------------------------------------------------------------
Finished Applying XDC Timing Constraints : Time (s): cpu = 00:00:52 ; elapsed = 00:02:24 . Memory (MB): peak = 1474.066 ; gain = 612.223
---------------------------------------------------------------------------------
---------------------------------------------------------------------------------
Start Timing Optimization
---------------------------------------------------------------------------------
---------------------------------------------------------------------------------
Finished Timing Optimization : Time (s): cpu = 00:01:02 ; elapsed = 00:02:36 . Memory (MB): peak = 1477.832 ; gain = 615.988
---------------------------------------------------------------------------------
---------------------------------------------------------------------------------
Start Technology Mapping
---------------------------------------------------------------------------------
---------------------------------------------------------------------------------
Finished Technology Mapping : Time (s): cpu = 00:01:02 ; elapsed = 00:02:37 . Memory (MB): peak = 1477.895 ; gain = 616.051
---------------------------------------------------------------------------------
---------------------------------------------------------------------------------
Start IO Insertion
---------------------------------------------------------------------------------
---------------------------------------------------------------------------------
Start Flattening Before IO Insertion
---------------------------------------------------------------------------------
---------------------------------------------------------------------------------
Finished Flattening Before IO Insertion
---------------------------------------------------------------------------------
---------------------------------------------------------------------------------
Start Final Netlist Cleanup
---------------------------------------------------------------------------------
---------------------------------------------------------------------------------
Finished Final Netlist Cleanup
---------------------------------------------------------------------------------
---------------------------------------------------------------------------------
Finished IO Insertion : Time (s): cpu = 00:01:10 ; elapsed = 00:02:48 . Memory (MB): peak = 1486.738 ; gain = 624.895
---------------------------------------------------------------------------------
---------------------------------------------------------------------------------
Start Renaming Generated Instances
---------------------------------------------------------------------------------
---------------------------------------------------------------------------------
Finished Renaming Generated Instances : Time (s): cpu = 00:01:10 ; elapsed = 00:02:48 . Memory (MB): peak = 1486.738 ; gain = 624.895
---------------------------------------------------------------------------------
---------------------------------------------------------------------------------
Start Rebuilding User Hierarchy
---------------------------------------------------------------------------------
---------------------------------------------------------------------------------
Finished Rebuilding User Hierarchy : Time (s): cpu = 00:01:11 ; elapsed = 00:02:48 . Memory (MB): peak = 1486.738 ; gain = 624.895
---------------------------------------------------------------------------------
---------------------------------------------------------------------------------
Start Renaming Generated Ports
---------------------------------------------------------------------------------
---------------------------------------------------------------------------------
Finished Renaming Generated Ports : Time (s): cpu = 00:01:11 ; elapsed = 00:02:48 . Memory (MB): peak = 1486.738 ; gain = 624.895
---------------------------------------------------------------------------------
---------------------------------------------------------------------------------
Start Handling Custom Attributes
---------------------------------------------------------------------------------
---------------------------------------------------------------------------------
Finished Handling Custom Attributes : Time (s): cpu = 00:01:11 ; elapsed = 00:02:48 . Memory (MB): peak = 1486.738 ; gain = 624.895
---------------------------------------------------------------------------------
---------------------------------------------------------------------------------
Start Renaming Generated Nets
---------------------------------------------------------------------------------
---------------------------------------------------------------------------------
Finished Renaming Generated Nets : Time (s): cpu = 00:01:11 ; elapsed = 00:02:48 . Memory (MB): peak = 1486.738 ; gain = 624.895
---------------------------------------------------------------------------------
---------------------------------------------------------------------------------
Start Writing Synthesis Report
---------------------------------------------------------------------------------

Report BlackBoxes: 
+-+--------------+----------+
| |BlackBox name |Instances |
+-+--------------+----------+
+-+--------------+----------+

Report Cell Usage: 
+------+-------+------+
|      |Cell   |Count |
+------+-------+------+
|1     |BUFG   |     2|
|2     |CARRY4 |    48|
|3     |LUT1   |     4|
|4     |LUT2   |    31|
|5     |LUT3   |    98|
|6     |LUT4   |    71|
|7     |LUT5   |    83|
|8     |LUT6   |   182|
|9     |FDCE   |    25|
|10    |FDPE   |    22|
|11    |FDRE   |    41|
|12    |LDC    |    22|
|13    |IBUF   |    13|
|14    |OBUF   |    12|
+------+-------+------+
---------------------------------------------------------------------------------
Finished Writing Synthesis Report : Time (s): cpu = 00:01:11 ; elapsed = 00:02:48 . Memory (MB): peak = 1486.738 ; gain = 624.895
---------------------------------------------------------------------------------
Synthesis finished with 0 errors, 0 critical warnings and 1 warnings.
Synthesis Optimization Runtime : Time (s): cpu = 00:00:56 ; elapsed = 00:02:44 . Memory (MB): peak = 1486.738 ; gain = 517.359
Synthesis Optimization Complete : Time (s): cpu = 00:01:11 ; elapsed = 00:02:48 . Memory (MB): peak = 1486.738 ; gain = 624.895
INFO: [Project 1-571] Translating synthesized netlist
Netlist sorting complete. Time (s): cpu = 00:00:00 ; elapsed = 00:00:00.019 . Memory (MB): peak = 1498.805 ; gain = 0.000
INFO: [Netlist 29-17] Analyzing 70 Unisim elements for replacement
INFO: [Netlist 29-28] Unisim Transformation completed in 0 CPU seconds
INFO: [Project 1-570] Preparing netlist for logic optimization
INFO: [Opt 31-138] Pushed 0 inverter(s) to 0 load pin(s).
Netlist sorting complete. Time (s): cpu = 00:00:00 ; elapsed = 00:00:00.001 . Memory (MB): peak = 1502.465 ; gain = 0.000
INFO: [Project 1-111] Unisim Transformation Summary:
  A total of 22 instances were transformed.
  LDC => LDCE: 22 instances

Synth Design complete | Checksum: 2c683ca
INFO: [Common 17-83] Releasing license: Synthesis
34 Infos, 9 Warnings, 0 Critical Warnings and 0 Errors encountered.
synth_design completed successfully
synth_design: Time (s): cpu = 00:01:18 ; elapsed = 00:03:14 . Memory (MB): peak = 1502.465 ; gain = 1021.918
INFO: [Common 17-1381] The checkpoint 'C:/Users/Aryan/OneDrive/Desktop/ECE 316/Lab6/Lab6.runs/synth_1/Modes.dcp' has been generated.
INFO: [runtcl-4] Executing : report_utilization -file Modes_utilization_synth.rpt -pb Modes_utilization_synth.pb
INFO: [Common 17-206] Exiting Vivado at Sun Nov 26 20:04:36 2023...
